TN:
SF:src/Hanko.ts
FN:32,Hanko
FNF:1
FNH:1
FNDA:1,Hanko
DA:1,1
DA:2,1
DA:3,1
DA:4,1
DA:5,1
DA:6,1
DA:7,1
DA:8,1
DA:9,1
DA:10,1
DA:11,1
DA:12,1
DA:13,1
DA:14,1
DA:15,1
DA:16,1
DA:17,1
DA:18,1
DA:19,1
DA:20,1
DA:21,1
DA:22,1
DA:23,1
DA:24,1
DA:25,1
DA:26,1
DA:27,1
DA:28,1
DA:29,1
DA:30,1
DA:31,1
DA:32,1
DA:33,1
DA:34,1
DA:35,1
DA:36,1
DA:37,1
DA:38,1
DA:39,1
DA:40,1
DA:41,1
DA:42,1
DA:43,1
DA:44,1
DA:45,1
DA:46,1
DA:47,1
DA:48,1
DA:49,1
DA:50,1
DA:51,1
DA:52,1
DA:53,1
DA:54,1
DA:55,1
DA:56,1
DA:57,1
DA:58,1
DA:59,1
DA:60,1
DA:61,1
DA:62,1
DA:63,1
DA:64,1
DA:65,1
DA:66,1
DA:67,1
DA:68,1
DA:69,1
DA:70,1
DA:71,1
DA:72,1
DA:73,1
DA:74,1
DA:75,1
DA:76,1
DA:77,1
DA:78,1
DA:79,1
DA:80,1
DA:81,1
DA:82,1
DA:83,1
LF:83
LH:83
BRDA:32,0,0,1
BRF:1
BRH:1
end_of_record
TN:
SF:src/index.ts
FN:5,get
FN:19,get
FN:23,get
FN:22,get
FN:20,get
FN:21,get
FN:24,get
FN:25,get
FN:26,get
FN:33,get
FN:90,get
FN:91,get
FN:92,get
FN:93,get
FN:94,get
FN:95,get
FN:96,get
FN:97,get
FN:98,get
FN:99,get
FN:100,get
FN:101,get
FN:102,get
FN:103,get
FN:104,get
FN:105,get
FN:106,get
FN:123,get
FN:124,get
FN:125,get
FN:126,get
FNF:31
FNH:24
FNDA:1,get
FNDA:4,get
FNDA:17,get
FNDA:11,get
FNDA:28,get
FNDA:31,get
FNDA:18,get
FNDA:10,get
FNDA:3,get
FNDA:21,get
FNDA:0,get
FNDA:1,get
FNDA:0,get
FNDA:1,get
FNDA:1,get
FNDA:0,get
FNDA:0,get
FNDA:1,get
FNDA:1,get
FNDA:1,get
FNDA:1,get
FNDA:7,get
FNDA:0,get
FNDA:3,get
FNDA:0,get
FNDA:0,get
FNDA:2,get
FNDA:6,get
FNDA:5,get
FNDA:5,get
FNDA:4,get
DA:1,1
DA:2,1
DA:3,1
DA:4,1
DA:5,1
DA:6,1
DA:7,1
DA:8,1
DA:9,1
DA:10,1
DA:11,1
DA:12,1
DA:13,1
DA:14,1
DA:15,1
DA:16,1
DA:17,1
DA:18,1
DA:19,1
DA:20,1
DA:21,1
DA:22,1
DA:23,1
DA:24,1
DA:25,1
DA:26,1
DA:27,1
DA:28,1
DA:29,1
DA:30,1
DA:31,1
DA:32,1
DA:33,1
DA:34,1
DA:35,1
DA:36,1
DA:37,1
DA:38,1
DA:39,1
DA:40,1
DA:41,1
DA:42,1
DA:43,1
DA:44,1
DA:45,1
DA:46,1
DA:47,1
DA:48,1
DA:49,1
DA:50,1
DA:51,1
DA:52,1
DA:53,1
DA:54,1
DA:55,1
DA:56,1
DA:57,1
DA:58,1
DA:59,1
DA:60,1
DA:61,1
DA:62,1
DA:63,1
DA:64,1
DA:65,1
DA:66,1
DA:67,1
DA:68,1
DA:69,1
DA:70,1
DA:71,1
DA:72,1
DA:73,1
DA:74,1
DA:75,1
DA:76,1
DA:77,1
DA:78,1
DA:79,1
DA:80,1
DA:81,1
DA:82,1
DA:83,1
DA:84,1
DA:85,1
DA:86,1
DA:87,1
DA:88,1
DA:89,1
DA:90,1
DA:91,1
DA:92,1
DA:93,1
DA:94,1
DA:95,1
DA:96,1
DA:97,1
DA:98,1
DA:99,1
DA:100,1
DA:101,1
DA:102,1
DA:103,1
DA:104,1
DA:105,1
DA:106,1
DA:107,1
DA:108,1
DA:109,1
DA:110,1
DA:111,1
DA:112,1
DA:113,1
DA:114,1
DA:115,1
DA:116,1
DA:117,1
DA:118,1
DA:119,1
DA:120,1
DA:121,1
DA:122,1
DA:123,1
DA:124,1
DA:125,1
DA:126,1
DA:127,1
LF:127
LH:127
BRDA:5,0,0,1
BRDA:19,1,0,4
BRDA:23,2,0,17
BRDA:22,3,0,11
BRDA:20,4,0,28
BRDA:21,5,0,31
BRDA:24,6,0,18
BRDA:25,7,0,10
BRDA:26,8,0,3
BRDA:33,9,0,21
BRDA:91,10,0,1
BRDA:93,11,0,1
BRDA:94,12,0,1
BRDA:97,13,0,1
BRDA:98,14,0,1
BRDA:99,15,0,1
BRDA:100,16,0,1
BRDA:101,17,0,7
BRDA:103,18,0,3
BRDA:106,19,0,2
BRDA:123,20,0,6
BRDA:124,21,0,5
BRDA:125,22,0,5
BRDA:126,23,0,4
BRF:24
BRH:24
end_of_record
TN:
SF:src/lib/Cookie.ts
FN:9,Cookie
FN:16,getAuthCookie
FN:26,setAuthCookie
FN:33,removeAuthCookie
FNF:4
FNH:4
FNDA:155,Cookie
FNDA:14,getAuthCookie
FNDA:4,setAuthCookie
FNDA:7,removeAuthCookie
DA:1,1
DA:2,1
DA:3,1
DA:4,1
DA:5,1
DA:6,1
DA:7,1
DA:8,1
DA:9,155
DA:10,155
DA:11,155
DA:12,155
DA:13,155
DA:14,155
DA:15,155
DA:16,155
DA:17,14
DA:18,14
DA:19,155
DA:20,155
DA:21,155
DA:22,155
DA:23,155
DA:24,155
DA:25,155
DA:26,155
DA:27,4
DA:28,4
DA:29,155
DA:30,155
DA:31,155
DA:32,155
DA:33,155
DA:34,7
DA:35,7
DA:36,155
LF:36
LH:36
BRDA:9,0,0,155
BRDA:16,1,0,14
BRDA:26,2,0,4
BRDA:33,3,0,7
BRF:4
BRH:4
end_of_record
TN:
SF:src/lib/Errors.ts
FN:16,HankoError
FN:42,TechnicalError
FN:57,ConflictError
FN:72,RequestTimeoutError
FN:88,WebauthnRequestCancelledError
FN:103,InvalidPasswordError
FN:118,InvalidPasscodeError
FN:133,InvalidWebauthnCredentialError
FN:152,PasscodeExpiredError
FN:167,MaxNumOfPasscodeAttemptsReachedError
FN:186,NotFoundError
FN:202,TooManyRequestsError
FN:218,UnauthorizedError
FN:234,UserVerificationError
FN:250,MaxNumOfEmailAddressesReachedError
FN:269,EmailAddressAlreadyExistsError
FN:289,ThirdPartyError
FNF:17
FNH:17
FNDA:71,HankoError
FNDA:27,TechnicalError
FNDA:1,ConflictError
FNDA:1,RequestTimeoutError
FNDA:2,WebauthnRequestCancelledError
FNDA:1,InvalidPasswordError
FNDA:1,InvalidPasscodeError
FNDA:2,InvalidWebauthnCredentialError
FNDA:1,PasscodeExpiredError
FNDA:1,MaxNumOfPasscodeAttemptsReachedError
FNDA:1,NotFoundError
FNDA:3,TooManyRequestsError
FNDA:18,UnauthorizedError
FNDA:1,UserVerificationError
FNDA:1,MaxNumOfEmailAddressesReachedError
FNDA:1,EmailAddressAlreadyExistsError
FNDA:9,ThirdPartyError
DA:1,1
DA:2,1
DA:3,1
DA:4,1
DA:5,1
DA:6,1
DA:7,1
DA:8,1
DA:9,1
DA:10,1
DA:11,1
DA:12,1
DA:13,1
DA:14,1
DA:15,1
DA:16,1
DA:17,71
DA:18,71
DA:19,71
DA:20,71
DA:21,71
DA:22,71
DA:23,71
DA:24,71
DA:25,71
DA:26,71
DA:27,71
DA:28,71
DA:29,71
DA:30,1
DA:31,1
DA:32,1
DA:33,1
DA:34,1
DA:35,1
DA:36,1
DA:37,1
DA:38,1
DA:39,1
DA:40,1
DA:41,1
DA:42,1
DA:43,27
DA:44,27
DA:45,27
DA:46,1
DA:47,1
DA:48,1
DA:49,1
DA:50,1
DA:51,1
DA:52,1
DA:53,1
DA:54,1
DA:55,1
DA:56,1
DA:57,1
DA:58,1
DA:59,1
DA:60,1
DA:61,1
DA:62,1
DA:63,1
DA:64,1
DA:65,1
DA:66,1
DA:67,1
DA:68,1
DA:69,1
DA:70,1
DA:71,1
DA:72,1
DA:73,1
DA:74,1
DA:75,1
DA:76,1
DA:77,1
DA:78,1
DA:79,1
DA:80,1
DA:81,1
DA:82,1
DA:83,1
DA:84,1
DA:85,1
DA:86,1
DA:87,1
DA:88,1
DA:89,2
DA:90,2
DA:91,2
DA:92,1
DA:93,1
DA:94,1
DA:95,1
DA:96,1
DA:97,1
DA:98,1
DA:99,1
DA:100,1
DA:101,1
DA:102,1
DA:103,1
DA:104,1
DA:105,1
DA:106,1
DA:107,1
DA:108,1
DA:109,1
DA:110,1
DA:111,1
DA:112,1
DA:113,1
DA:114,1
DA:115,1
DA:116,1
DA:117,1
DA:118,1
DA:119,1
DA:120,1
DA:121,1
DA:122,1
DA:123,1
DA:124,1
DA:125,1
DA:126,1
DA:127,1
DA:128,1
DA:129,1
DA:130,1
DA:131,1
DA:132,1
DA:133,1
DA:134,2
DA:135,2
DA:136,2
DA:137,2
DA:138,2
DA:139,2
DA:140,2
DA:141,1
DA:142,1
DA:143,1
DA:144,1
DA:145,1
DA:146,1
DA:147,1
DA:148,1
DA:149,1
DA:150,1
DA:151,1
DA:152,1
DA:153,1
DA:154,1
DA:155,1
DA:156,1
DA:157,1
DA:158,1
DA:159,1
DA:160,1
DA:161,1
DA:162,1
DA:163,1
DA:164,1
DA:165,1
DA:166,1
DA:167,1
DA:168,1
DA:169,1
DA:170,1
DA:171,1
DA:172,1
DA:173,1
DA:174,1
DA:175,1
DA:176,1
DA:177,1
DA:178,1
DA:179,1
DA:180,1
DA:181,1
DA:182,1
DA:183,1
DA:184,1
DA:185,1
DA:186,1
DA:187,1
DA:188,1
DA:189,1
DA:190,1
DA:191,1
DA:192,1
DA:193,1
DA:194,1
DA:195,1
DA:196,1
DA:197,1
DA:198,1
DA:199,1
DA:200,1
DA:201,1
DA:202,1
DA:203,3
DA:204,3
DA:205,3
DA:206,3
DA:207,1
DA:208,1
DA:209,1
DA:210,1
DA:211,1
DA:212,1
DA:213,1
DA:214,1
DA:215,1
DA:216,1
DA:217,1
DA:218,1
DA:219,18
DA:220,18
DA:221,18
DA:222,1
DA:223,1
DA:224,1
DA:225,1
DA:226,1
DA:227,1
DA:228,1
DA:229,1
DA:230,1
DA:231,1
DA:232,1
DA:233,1
DA:234,1
DA:235,1
DA:236,1
DA:237,1
DA:238,1
DA:239,1
DA:240,1
DA:241,1
DA:242,1
DA:243,1
DA:244,1
DA:245,1
DA:246,1
DA:247,1
DA:248,1
DA:249,1
DA:250,1
DA:251,1
DA:252,1
DA:253,1
DA:254,1
DA:255,1
DA:256,1
DA:257,1
DA:258,1
DA:259,1
DA:260,1
DA:261,1
DA:262,1
DA:263,1
DA:264,1
DA:265,1
DA:266,1
DA:267,1
DA:268,1
DA:269,1
DA:270,1
DA:271,1
DA:272,1
DA:273,1
DA:274,1
DA:275,1
DA:276,1
DA:277,1
DA:278,1
DA:279,1
DA:280,1
DA:281,1
DA:282,1
DA:283,1
DA:284,1
DA:285,1
DA:286,1
DA:287,1
DA:288,1
DA:289,1
DA:290,9
DA:291,9
DA:292,9
DA:293,1
DA:294,1
DA:295,1
DA:296,1
DA:297,1
DA:298,1
DA:299,1
DA:300,1
DA:301,1
DA:302,1
DA:303,1
DA:304,1
DA:305,1
DA:306,1
DA:307,1
DA:308,1
DA:309,1
DA:310,1
DA:311,1
DA:312,1
DA:313,1
LF:313
LH:313
BRDA:16,0,0,71
BRDA:42,1,0,27
BRDA:57,2,0,1
BRDA:72,3,0,1
BRDA:88,4,0,2
BRDA:103,5,0,1
BRDA:118,6,0,1
BRDA:133,7,0,2
BRDA:152,8,0,1
BRDA:167,9,0,1
BRDA:186,10,0,1
BRDA:202,11,0,3
BRDA:218,12,0,18
BRDA:234,13,0,1
BRDA:250,14,0,1
BRDA:269,15,0,1
BRDA:289,16,0,9
BRF:17
BRH:17
end_of_record
TN:
SF:src/lib/Throttle.ts
FN:37,throttle
FN:49,executeThrottledFunction
FN:59,throttled
FNF:3
FNH:3
FNDA:23,throttle
FNDA:3,executeThrottledFunction
FNDA:96,throttled
DA:1,1
DA:2,1
DA:3,1
DA:4,1
DA:5,1
DA:6,1
DA:7,1
DA:8,1
DA:9,1
DA:10,1
DA:11,1
DA:12,1
DA:13,1
DA:14,1
DA:15,1
DA:16,1
DA:17,1
DA:18,1
DA:19,1
DA:20,1
DA:21,1
DA:22,1
DA:23,1
DA:24,1
DA:25,1
DA:26,1
DA:27,1
DA:28,1
DA:29,1
DA:30,1
DA:31,1
DA:32,1
DA:33,1
DA:34,1
DA:35,1
DA:36,1
DA:37,1
DA:38,23
DA:39,23
DA:40,23
DA:41,23
DA:42,23
DA:43,23
DA:44,23
DA:45,23
DA:46,23
DA:47,23
DA:48,23
DA:49,23
DA:50,3
DA:51,3
DA:52,3
DA:53,3
DA:54,3
DA:55,3
DA:56,23
DA:57,23
DA:58,23
DA:59,23
DA:60,96
DA:61,96
DA:62,96
DA:63,96
DA:64,96
DA:65,96
DA:66,96
DA:67,96
DA:68,96
DA:69,96
DA:70,96
DA:71,96
DA:72,96
DA:73,96
DA:74,96
DA:75,96
DA:76,96
DA:77,96
DA:78,23
DA:79,23
DA:80,0
DA:81,0
DA:82,0
DA:83,23
DA:84,23
DA:85,23
DA:86,23
DA:87,96
DA:88,3
DA:89,3
DA:90,3
DA:91,23
DA:92,23
DA:93,23
DA:94,23
DA:95,1
LF:95
LH:92
BRDA:37,0,0,23
BRDA:49,1,0,3
BRDA:52,2,0,2
BRDA:52,3,0,1
BRDA:59,4,0,96
BRDA:64,5,0,20
BRDA:64,6,0,2
BRDA:77,7,0,75
BRDA:77,8,0,23
BRDA:79,9,0,0
BRDA:87,10,0,73
BRDA:87,11,0,3
BRF:12
BRH:11
end_of_record
TN:
SF:src/lib/WebauthnSupport.ts
FN:16,supported
FN:30,isPlatformAuthenticatorAvailable
FN:46,isSecurityKeySupported
FN:64,isConditionalMediationAvailable
FNF:4
FNH:4
FNDA:3,supported
FNDA:3,isPlatformAuthenticatorAvailable
FNDA:3,isSecurityKeySupported
FNDA:3,isConditionalMediationAvailable
DA:1,1
DA:2,1
DA:3,1
DA:4,1
DA:5,1
DA:6,1
DA:7,1
DA:8,1
DA:9,1
DA:10,1
DA:11,1
DA:12,1
DA:13,1
DA:14,1
DA:15,1
DA:16,1
DA:17,3
DA:18,3
DA:19,3
DA:20,3
DA:21,3
DA:22,3
DA:23,3
DA:24,1
DA:25,1
DA:26,1
DA:27,1
DA:28,1
DA:29,1
DA:30,1
DA:31,3
DA:32,3
DA:33,2
DA:34,3
DA:35,2
DA:36,2
DA:37,1
DA:38,1
DA:39,1
DA:40,1
DA:41,1
DA:42,1
DA:43,1
DA:44,1
DA:45,1
DA:46,1
DA:47,3
DA:48,3
DA:49,2
DA:50,2
DA:51,3
DA:52,2
DA:53,2
DA:54,2
DA:55,1
DA:56,1
DA:57,1
DA:58,1
DA:59,1
DA:60,1
DA:61,1
DA:62,1
DA:63,1
DA:64,1
DA:65,3
DA:66,3
DA:67,3
DA:68,2
DA:69,2
DA:70,3
DA:71,2
DA:72,2
DA:73,2
DA:74,1
DA:75,1
DA:76,1
DA:77,1
DA:78,1
DA:79,1
LF:79
LH:79
BRDA:16,0,0,3
BRDA:30,1,0,3
BRDA:32,2,0,2
BRDA:34,3,0,2
BRDA:37,4,0,1
BRDA:46,5,0,3
BRDA:48,6,0,2
BRDA:51,7,0,2
BRDA:55,8,0,1
BRDA:64,9,0,3
BRDA:67,10,0,2
BRDA:70,11,0,2
BRDA:74,12,0,1
BRF:13
BRH:13
end_of_record
TN:
SF:src/lib/client/Client.ts
FN:16,Client
FNF:1
FNH:1
FNDA:125,Client
DA:1,1
DA:2,1
DA:3,1
DA:4,1
DA:5,1
DA:6,1
DA:7,1
DA:8,1
DA:9,1
DA:10,1
DA:11,1
DA:12,1
DA:13,1
DA:14,1
DA:15,1
DA:16,1
DA:17,125
DA:18,125
DA:19,125
DA:20,125
DA:21,125
DA:22,125
DA:23,1
DA:24,1
DA:25,1
LF:25
LH:25
BRDA:16,0,0,125
BRF:1
BRH:1
end_of_record
TN:
SF:src/lib/client/ConfigClient.ts
FN:20,get
FNF:1
FNH:1
FNDA:3,get
DA:1,1
DA:2,1
DA:3,1
DA:4,1
DA:5,1
DA:6,1
DA:7,1
DA:8,1
DA:9,1
DA:10,1
DA:11,1
DA:12,1
DA:13,1
DA:14,1
DA:15,1
DA:16,1
DA:17,1
DA:18,1
DA:19,1
DA:20,1
DA:21,3
DA:22,2
DA:23,3
DA:24,1
DA:25,1
DA:26,1
DA:27,1
DA:28,1
DA:29,1
DA:30,1
DA:31,1
LF:31
LH:31
BRDA:20,0,0,3
BRDA:22,1,0,2
BRDA:23,2,0,1
BRF:3
BRH:3
end_of_record
TN:
SF:src/lib/client/EmailClient.ts
FN:28,list
FN:52,create
FN:80,setPrimaryEmail
FN:102,delete
FNF:4
FNH:4
FNDA:4,list
FNDA:6,create
FNDA:4,setPrimaryEmail
FNDA:4,delete
DA:1,1
DA:2,1
DA:3,1
DA:4,1
DA:5,1
DA:6,1
DA:7,1
DA:8,1
DA:9,1
DA:10,1
DA:11,1
DA:12,1
DA:13,1
DA:14,1
DA:15,1
DA:16,1
DA:17,1
DA:18,1
DA:19,1
DA:20,1
DA:21,1
DA:22,1
DA:23,1
DA:24,1
DA:25,1
DA:26,1
DA:27,1
DA:28,1
DA:29,4
DA:30,3
DA:31,4
DA:32,1
DA:33,4
DA:34,1
DA:35,1
DA:36,1
DA:37,1
DA:38,1
DA:39,1
DA:40,1
DA:41,1
DA:42,1
DA:43,1
DA:44,1
DA:45,1
DA:46,1
DA:47,1
DA:48,1
DA:49,1
DA:50,1
DA:51,1
DA:52,1
DA:53,6
DA:54,5
DA:55,6
DA:56,1
DA:57,1
DA:58,4
DA:59,6
DA:60,1
DA:61,6
DA:62,1
DA:63,3
DA:64,1
DA:65,1
DA:66,1
DA:67,1
DA:68,1
DA:69,1
DA:70,1
DA:71,1
DA:72,1
DA:73,1
DA:74,1
DA:75,1
DA:76,1
DA:77,1
DA:78,1
DA:79,1
DA:80,1
DA:81,4
DA:82,3
DA:83,4
DA:84,1
DA:85,4
DA:86,1
DA:87,1
DA:88,1
DA:89,1
DA:90,1
DA:91,1
DA:92,1
DA:93,1
DA:94,1
DA:95,1
DA:96,1
DA:97,1
DA:98,1
DA:99,1
DA:100,1
DA:101,1
DA:102,1
DA:103,4
DA:104,3
DA:105,4
DA:106,1
DA:107,4
DA:108,1
DA:109,1
DA:110,1
DA:111,1
DA:112,1
DA:113,1
DA:114,1
DA:115,1
LF:115
LH:115
BRDA:28,0,0,4
BRDA:30,1,0,3
BRDA:31,2,0,1
BRDA:33,3,0,2
BRDA:33,4,0,1
BRDA:36,5,0,1
BRDA:52,6,0,6
BRDA:54,7,0,5
BRDA:55,8,0,1
BRDA:58,9,0,4
BRDA:59,10,0,1
BRDA:61,11,0,3
BRDA:61,12,0,1
BRDA:63,13,0,2
BRDA:63,14,0,1
BRDA:66,15,0,1
BRDA:80,16,0,4
BRDA:82,17,0,3
BRDA:83,18,0,1
BRDA:85,19,0,2
BRDA:85,20,0,1
BRDA:88,21,0,1
BRDA:102,22,0,4
BRDA:104,23,0,3
BRDA:105,24,0,1
BRDA:107,25,0,2
BRDA:107,26,0,1
BRDA:110,27,0,1
BRF:28
BRH:28
end_of_record
TN:
SF:src/lib/client/HttpClient.ts
FN:18,Headers
FN:28,getResponseHeader
FN:51,Response
FN:89,json
FN:102,parseNumericHeader
FN:131,HttpClient
FN:141,_fetch
FN:157,xhr.onload
FN:162,xhr.onerror
FN:166,xhr.ontimeout
FN:181,processResponseHeadersOnLogin
FN:229,get
FN:242,post
FN:258,put
FN:274,patch
FN:289,delete
FNF:16
FNH:16
FNDA:110,Headers
FNDA:10,getResponseHeader
FNDA:109,Response
FNDA:28,json
FNDA:7,parseNumericHeader
FNDA:144,HttpClient
FNDA:4,_fetch
FNDA:2,xhr.onload
FNDA:1,xhr.onerror
FNDA:1,xhr.ontimeout
FNDA:7,processResponseHeadersOnLogin
FNDA:1,get
FNDA:1,post
FNDA:1,put
FNDA:1,patch
FNDA:1,delete
DA:1,1
DA:2,1
DA:3,1
DA:4,1
DA:5,1
DA:6,1
DA:7,1
DA:8,1
DA:9,1
DA:10,1
DA:11,1
DA:12,1
DA:13,1
DA:14,1
DA:15,1
DA:16,1
DA:17,1
DA:18,1
DA:19,110
DA:20,110
DA:21,1
DA:22,1
DA:23,1
DA:24,1
DA:25,1
DA:26,1
DA:27,1
DA:28,1
DA:29,10
DA:30,10
DA:31,1
DA:32,1
DA:33,1
DA:34,1
DA:35,1
DA:36,1
DA:37,1
DA:38,1
DA:39,1
DA:40,1
DA:41,1
DA:42,1
DA:43,1
DA:44,1
DA:45,1
DA:46,1
DA:47,1
DA:48,1
DA:49,1
DA:50,1
DA:51,1
DA:52,109
DA:53,109
DA:54,109
DA:55,109
DA:56,109
DA:57,109
DA:58,109
DA:59,109
DA:60,109
DA:61,109
DA:62,109
DA:63,109
DA:64,109
DA:65,109
DA:66,109
DA:67,109
DA:68,109
DA:69,109
DA:70,109
DA:71,109
DA:72,109
DA:73,109
DA:74,109
DA:75,109
DA:76,109
DA:77,109
DA:78,109
DA:79,109
DA:80,109
DA:81,109
DA:82,109
DA:83,1
DA:84,1
DA:85,1
DA:86,1
DA:87,1
DA:88,1
DA:89,1
DA:90,28
DA:91,9
DA:92,9
DA:93,28
DA:94,28
DA:95,1
DA:96,1
DA:97,1
DA:98,1
DA:99,1
DA:100,1
DA:101,1
DA:102,1
DA:103,7
DA:104,7
DA:105,7
DA:106,1
DA:107,1
DA:108,1
DA:109,1
DA:110,1
DA:111,1
DA:112,1
DA:113,1
DA:114,1
DA:115,1
DA:116,1
DA:117,1
DA:118,1
DA:119,1
DA:120,1
DA:121,1
DA:122,1
DA:123,1
DA:124,1
DA:125,1
DA:126,1
DA:127,1
DA:128,1
DA:129,1
DA:130,1
DA:131,1
DA:132,144
DA:133,144
DA:134,144
DA:135,144
DA:136,144
DA:137,144
DA:138,144
DA:139,1
DA:140,1
DA:141,1
DA:142,4
DA:143,4
DA:144,4
DA:145,4
DA:146,4
DA:147,4
DA:148,4
DA:149,4
DA:150,4
DA:151,4
DA:152,1
DA:153,1
DA:154,4
DA:155,4
DA:156,4
DA:157,4
DA:158,2
DA:159,2
DA:160,4
DA:161,4
DA:162,4
DA:163,1
DA:164,4
DA:165,4
DA:166,4
DA:167,1
DA:168,4
DA:169,4
DA:170,4
DA:171,4
DA:172,4
DA:173,1
DA:174,1
DA:175,1
DA:176,1
DA:177,1
DA:178,1
DA:179,1
DA:180,1
DA:181,1
DA:182,7
DA:183,7
DA:184,7
DA:185,7
DA:186,7
DA:187,7
DA:188,7
DA:189,9
DA:190,9
DA:191,2
DA:192,7
DA:193,2
DA:194,2
DA:195,2
DA:196,2
DA:197,2
DA:198,7
DA:199,7
DA:200,7
DA:201,7
DA:202,7
DA:203,2
DA:204,2
DA:205,2
DA:206,2
DA:207,2
DA:208,2
DA:209,2
DA:210,2
DA:211,2
DA:212,2
DA:213,2
DA:214,2
DA:215,2
DA:216,2
DA:217,2
DA:218,2
DA:219,7
DA:220,1
DA:221,1
DA:222,1
DA:223,1
DA:224,1
DA:225,1
DA:226,1
DA:227,1
DA:228,1
DA:229,1
DA:230,1
DA:231,1
DA:232,1
DA:233,1
DA:234,1
DA:235,1
DA:236,1
DA:237,1
DA:238,1
DA:239,1
DA:240,1
DA:241,1
DA:242,1
DA:243,1
DA:244,1
DA:245,1
DA:246,1
DA:247,1
DA:248,1
DA:249,1
DA:250,1
DA:251,1
DA:252,1
DA:253,1
DA:254,1
DA:255,1
DA:256,1
DA:257,1
DA:258,1
DA:259,1
DA:260,1
DA:261,1
DA:262,1
DA:263,1
DA:264,1
DA:265,1
DA:266,1
DA:267,1
DA:268,1
DA:269,1
DA:270,1
DA:271,1
DA:272,1
DA:273,1
DA:274,1
DA:275,1
DA:276,1
DA:277,1
DA:278,1
DA:279,1
DA:280,1
DA:281,1
DA:282,1
DA:283,1
DA:284,1
DA:285,1
DA:286,1
DA:287,1
DA:288,1
DA:289,1
DA:290,1
DA:291,1
DA:292,1
DA:293,1
DA:294,1
DA:295,1
DA:296,1
LF:296
LH:296
BRDA:18,0,0,110
BRDA:28,1,0,10
BRDA:51,2,0,109
BRDA:61,3,0,0
BRDA:89,4,0,28
BRDA:90,5,0,9
BRDA:102,6,0,7
BRDA:104,7,0,2
BRDA:104,8,0,5
BRDA:131,9,0,144
BRDA:141,10,0,4
BRDA:146,11,0,4
BRDA:151,12,0,1
BRDA:170,13,0,0
BRDA:157,14,0,2
BRDA:162,15,0,1
BRDA:166,16,0,1
BRDA:181,17,0,7
BRDA:202,18,0,2
BRDA:188,19,0,9
BRDA:190,20,0,7
BRDA:190,21,0,2
BRDA:192,22,0,2
BRDA:229,23,0,1
BRDA:242,24,0,1
BRDA:258,25,0,1
BRDA:274,26,0,1
BRDA:289,27,0,1
BRF:28
BRH:26
end_of_record
TN:
SF:src/lib/client/PasscodeClient.ts
FN:25,PasscodeClient
FN:47,initialize
FN:113,finalize
FN:146,getTTL
FN:156,getResendAfter
FNF:5
FNH:5
FNDA:17,PasscodeClient
FNDA:8,initialize
FNDA:6,finalize
FNDA:1,getTTL
FNDA:1,getResendAfter
DA:1,1
DA:2,1
DA:3,1
DA:4,1
DA:5,1
DA:6,1
DA:7,1
DA:8,1
DA:9,1
DA:10,1
DA:11,1
DA:12,1
DA:13,1
DA:14,1
DA:15,1
DA:16,1
DA:17,1
DA:18,1
DA:19,1
DA:20,1
DA:21,1
DA:22,1
DA:23,1
DA:24,1
DA:25,1
DA:26,17
DA:27,17
DA:28,17
DA:29,17
DA:30,17
DA:31,17
DA:32,17
DA:33,1
DA:34,1
DA:35,1
DA:36,1
DA:37,1
DA:38,1
DA:39,1
DA:40,1
DA:41,1
DA:42,1
DA:43,1
DA:44,1
DA:45,1
DA:46,1
DA:47,1
DA:48,8
DA:49,8
DA:50,8
DA:51,8
DA:52,8
DA:53,8
DA:54,8
DA:55,8
DA:56,8
DA:57,8
DA:58,8
DA:59,8
DA:60,1
DA:61,1
DA:62,7
DA:63,8
DA:64,1
DA:65,1
DA:66,1
DA:67,1
DA:68,1
DA:69,6
DA:70,6
DA:71,6
DA:72,8
DA:73,1
DA:74,1
DA:75,6
DA:76,6
DA:77,5
DA:78,8
DA:79,1
DA:80,1
DA:81,1
DA:82,8
DA:83,1
DA:84,4
DA:85,1
DA:86,1
DA:87,2
DA:88,2
DA:89,2
DA:90,2
DA:91,2
DA:92,8
DA:93,1
DA:94,1
DA:95,2
DA:96,2
DA:97,2
DA:98,2
DA:99,2
DA:100,1
DA:101,1
DA:102,1
DA:103,1
DA:104,1
DA:105,1
DA:106,1
DA:107,1
DA:108,1
DA:109,1
DA:110,1
DA:111,1
DA:112,1
DA:113,1
DA:114,6
DA:115,6
DA:116,6
DA:117,6
DA:118,1
DA:119,1
DA:120,5
DA:121,5
DA:122,5
DA:123,5
DA:124,5
DA:125,4
DA:126,6
DA:127,1
DA:128,6
DA:129,1
DA:130,1
DA:131,3
DA:132,1
DA:133,1
DA:134,1
DA:135,1
DA:136,1
DA:137,1
DA:138,1
DA:139,1
DA:140,1
DA:141,1
DA:142,1
DA:143,1
DA:144,1
DA:145,1
DA:146,1
DA:147,1
DA:148,1
DA:149,1
DA:150,1
DA:151,1
DA:152,1
DA:153,1
DA:154,1
DA:155,1
DA:156,1
DA:157,1
DA:158,1
DA:159,1
DA:160,1
DA:161,1
LF:161
LH:161
BRDA:25,0,0,17
BRDA:47,1,0,8
BRDA:59,2,0,1
BRDA:62,3,0,7
BRDA:63,4,0,6
BRDA:63,5,0,1
BRDA:63,6,0,1
BRDA:69,7,0,6
BRDA:72,8,0,1
BRDA:75,9,0,6
BRDA:77,10,0,5
BRDA:78,11,0,1
BRDA:82,12,0,4
BRDA:82,13,0,1
BRDA:84,14,0,3
BRDA:84,15,0,1
BRDA:87,16,0,2
BRDA:92,17,0,1
BRDA:95,18,0,2
BRDA:113,19,0,6
BRDA:117,20,0,1
BRDA:120,21,0,5
BRDA:125,22,0,4
BRDA:126,23,0,1
BRDA:128,24,0,3
BRDA:128,25,0,1
BRDA:131,26,0,2
BRDA:131,27,0,1
BRDA:134,28,0,1
BRDA:146,29,0,1
BRDA:156,30,0,1
BRF:31
BRH:31
end_of_record
TN:
SF:src/lib/client/PasswordClient.ts
FN:24,PasswordClient
FN:49,login
FN:80,update
FN:101,getRetryAfter
FNF:4
FNH:4
FNDA:11,PasswordClient
FNDA:5,login
FNDA:4,update
FNDA:1,getRetryAfter
DA:1,1
DA:2,1
DA:3,1
DA:4,1
DA:5,1
DA:6,1
DA:7,1
DA:8,1
DA:9,1
DA:10,1
DA:11,1
DA:12,1
DA:13,1
DA:14,1
DA:15,1
DA:16,1
DA:17,1
DA:18,1
DA:19,1
DA:20,1
DA:21,1
DA:22,1
DA:23,1
DA:24,1
DA:25,11
DA:26,11
DA:27,11
DA:28,11
DA:29,11
DA:30,11
DA:31,11
DA:32,11
DA:33,11
DA:34,11
DA:35,11
DA:36,11
DA:37,1
DA:38,1
DA:39,1
DA:40,1
DA:41,1
DA:42,1
DA:43,1
DA:44,1
DA:45,1
DA:46,1
DA:47,1
DA:48,1
DA:49,1
DA:50,5
DA:51,5
DA:52,5
DA:53,5
DA:54,4
DA:55,5
DA:56,1
DA:57,5
DA:58,1
DA:59,1
DA:60,1
DA:61,3
DA:62,1
DA:63,1
DA:64,1
DA:65,1
DA:66,1
DA:67,1
DA:68,1
DA:69,1
DA:70,1
DA:71,1
DA:72,1
DA:73,1
DA:74,1
DA:75,1
DA:76,1
DA:77,1
DA:78,1
DA:79,1
DA:80,1
DA:81,4
DA:82,4
DA:83,4
DA:84,4
DA:85,3
DA:86,4
DA:87,1
DA:88,4
DA:89,1
DA:90,1
DA:91,1
DA:92,1
DA:93,1
DA:94,1
DA:95,1
DA:96,1
DA:97,1
DA:98,1
DA:99,1
DA:100,1
DA:101,1
DA:102,1
DA:103,1
DA:104,1
DA:105,1
DA:106,1
LF:106
LH:106
BRDA:24,0,0,11
BRDA:49,1,0,5
BRDA:54,2,0,4
BRDA:55,3,0,1
BRDA:57,4,0,3
BRDA:57,5,0,1
BRDA:61,6,0,2
BRDA:61,7,0,1
BRDA:64,8,0,1
BRDA:80,9,0,4
BRDA:85,10,0,3
BRDA:86,11,0,1
BRDA:88,12,0,2
BRDA:88,13,0,1
BRDA:91,14,0,1
BRDA:101,15,0,1
BRF:16
BRH:16
end_of_record
TN:
SF:src/lib/client/ThirdPartyClient.ts
FN:15,ThirdPartyClient
FN:28,auth
FN:55,getError
FNF:3
FNH:3
FNDA:11,ThirdPartyClient
FNDA:3,auth
FNDA:7,getError
DA:1,1
DA:2,1
DA:3,1
DA:4,1
DA:5,1
DA:6,1
DA:7,1
DA:8,1
DA:9,1
DA:10,1
DA:11,1
DA:12,1
DA:13,1
DA:14,1
DA:15,1
DA:16,11
DA:17,11
DA:18,1
DA:19,1
DA:20,1
DA:21,1
DA:22,1
DA:23,1
DA:24,1
DA:25,1
DA:26,1
DA:27,1
DA:28,1
DA:29,3
DA:30,3
DA:31,3
DA:32,1
DA:33,1
DA:34,1
DA:35,1
DA:36,1
DA:37,2
DA:38,3
DA:39,1
DA:40,1
DA:41,1
DA:42,1
DA:43,1
DA:44,1
DA:45,1
DA:46,1
DA:47,1
DA:48,1
DA:49,1
DA:50,1
DA:51,1
DA:52,1
DA:53,1
DA:54,1
DA:55,1
DA:56,7
DA:57,7
DA:58,7
DA:59,7
DA:60,7
DA:61,7
DA:62,7
DA:63,1
DA:64,1
DA:65,7
DA:66,1
DA:67,1
DA:68,7
DA:69,1
DA:70,1
DA:71,7
DA:72,1
DA:73,1
DA:74,7
DA:75,1
DA:76,1
DA:77,7
DA:78,2
DA:79,7
DA:80,7
DA:81,7
DA:82,7
DA:83,7
DA:84,1
LF:84
LH:84
BRDA:15,0,0,11
BRDA:28,1,0,3
BRDA:31,2,0,1
BRDA:37,3,0,2
BRDA:38,4,0,1
BRDA:55,5,0,7
BRDA:62,6,0,1
BRDA:65,7,0,1
BRDA:68,8,0,1
BRDA:71,9,0,1
BRDA:74,10,0,1
BRDA:77,11,0,2
BRF:12
BRH:12
end_of_record
TN:
SF:src/lib/client/TokenClient.ts
FN:15,TokenClient
FN:28,validate
FNF:2
FNH:2
FNDA:4,TokenClient
FNDA:3,validate
DA:1,1
DA:2,1
DA:3,1
DA:4,1
DA:5,1
DA:6,1
DA:7,1
DA:8,1
DA:9,1
DA:10,1
DA:11,1
DA:12,1
DA:13,1
DA:14,1
DA:15,1
DA:16,4
DA:17,4
DA:18,1
DA:19,1
DA:20,1
DA:21,1
DA:22,1
DA:23,1
DA:24,1
DA:25,1
DA:26,1
DA:27,1
DA:28,1
DA:29,3
DA:30,3
DA:31,3
DA:32,3
DA:33,2
DA:34,2
DA:35,2
DA:36,2
DA:37,3
DA:38,1
DA:39,1
DA:40,1
DA:41,1
DA:42,1
DA:43,1
DA:44,1
LF:44
LH:44
BRDA:15,0,0,4
BRDA:28,1,0,3
BRDA:32,2,0,1
BRDA:33,3,0,2
BRDA:37,4,0,1
BRF:5
BRH:5
end_of_record
TN:
SF:src/lib/client/UserClient.ts
FN:30,getInfo
FN:53,create
FN:79,getCurrent
FN:114,delete
FN:135,logout
FNF:5
FNH:5
FNDA:4,getInfo
FNDA:4,create
FNDA:10,getCurrent
FNDA:4,delete
FNDA:5,logout
DA:1,1
DA:2,1
DA:3,1
DA:4,1
DA:5,1
DA:6,1
DA:7,1
DA:8,1
DA:9,1
DA:10,1
DA:11,1
DA:12,1
DA:13,1
DA:14,1
DA:15,1
DA:16,1
DA:17,1
DA:18,1
DA:19,1
DA:20,1
DA:21,1
DA:22,1
DA:23,1
DA:24,1
DA:25,1
DA:26,1
DA:27,1
DA:28,1
DA:29,1
DA:30,1
DA:31,4
DA:32,3
DA:33,4
DA:34,1
DA:35,4
DA:36,1
DA:37,1
DA:38,1
DA:39,1
DA:40,1
DA:41,1
DA:42,1
DA:43,1
DA:44,1
DA:45,1
DA:46,1
DA:47,1
DA:48,1
DA:49,1
DA:50,1
DA:51,1
DA:52,1
DA:53,1
DA:54,4
DA:55,3
DA:56,4
DA:57,1
DA:58,4
DA:59,1
DA:60,1
DA:61,1
DA:62,1
DA:63,4
DA:64,1
DA:65,1
DA:66,1
DA:67,1
DA:68,1
DA:69,1
DA:70,1
DA:71,1
DA:72,1
DA:73,1
DA:74,1
DA:75,1
DA:76,1
DA:77,1
DA:78,1
DA:79,1
DA:80,10
DA:81,9
DA:82,9
DA:83,9
DA:84,10
DA:85,7
DA:86,10
DA:87,3
DA:88,10
DA:89,1
DA:90,1
DA:91,5
DA:92,5
DA:93,5
DA:94,5
DA:95,5
DA:96,5
DA:97,10
DA:98,3
DA:99,10
DA:100,3
DA:101,10
DA:102,1
DA:103,1
DA:104,1
DA:105,1
DA:106,1
DA:107,1
DA:108,1
DA:109,1
DA:110,1
DA:111,1
DA:112,1
DA:113,1
DA:114,1
DA:115,4
DA:116,4
DA:117,4
DA:118,1
DA:119,1
DA:120,1
DA:121,1
DA:122,4
DA:123,1
DA:124,1
DA:125,2
DA:126,2
DA:127,2
DA:128,1
DA:129,1
DA:130,1
DA:131,1
DA:132,1
DA:133,1
DA:134,1
DA:135,1
DA:136,5
DA:137,5
DA:138,5
DA:139,5
DA:140,5
DA:141,5
DA:142,5
DA:143,5
DA:144,5
DA:145,5
DA:146,1
DA:147,1
DA:148,5
DA:149,3
DA:150,3
DA:151,5
DA:152,1
DA:153,1
DA:154,1
LF:154
LH:154
BRDA:30,0,0,4
BRDA:32,1,0,3
BRDA:33,2,0,1
BRDA:35,3,0,2
BRDA:35,4,0,1
BRDA:38,5,0,1
BRDA:53,6,0,4
BRDA:55,7,0,3
BRDA:56,8,0,1
BRDA:58,9,0,2
BRDA:58,10,0,1
BRDA:61,11,0,1
BRDA:63,12,0,1
BRDA:79,13,0,10
BRDA:81,14,0,9
BRDA:83,15,0,8
BRDA:84,16,0,7
BRDA:86,17,0,3
BRDA:88,18,0,6
BRDA:88,19,0,1
BRDA:91,20,0,5
BRDA:96,21,0,4
BRDA:97,22,0,3
BRDA:99,23,0,3
BRDA:101,24,0,2
BRDA:101,25,0,1
BRDA:104,26,0,1
BRDA:114,27,0,4
BRDA:117,28,0,1
BRDA:122,29,0,3
BRDA:122,30,0,1
BRDA:125,31,0,2
BRDA:135,32,0,5
BRDA:145,33,0,1
BRDA:148,34,0,4
BRDA:148,35,0,3
BRF:36
BRH:36
end_of_record
TN:
SF:src/lib/client/WebauthnClient.ts
FN:42,WebauthnClient
FN:72,login
FN:136,register
FN:197,listCredentials
FN:221,updateCredential
FN:249,deleteCredential
FN:271,shouldRegister
FN:286,_createAbortSignal
FNF:8
FNH:8
FNDA:31,WebauthnClient
FNDA:6,login
FNDA:7,register
FNDA:4,listCredentials
FNDA:4,updateCredential
FNDA:4,deleteCredential
FNDA:4,shouldRegister
FNDA:10,_createAbortSignal
DA:1,1
DA:2,1
DA:3,1
DA:4,1
DA:5,1
DA:6,1
DA:7,1
DA:8,1
DA:9,1
DA:10,1
DA:11,1
DA:12,1
DA:13,1
DA:14,1
DA:15,1
DA:16,1
DA:17,1
DA:18,1
DA:19,1
DA:20,1
DA:21,1
DA:22,1
DA:23,1
DA:24,1
DA:25,1
DA:26,1
DA:27,1
DA:28,1
DA:29,1
DA:30,1
DA:31,1
DA:32,1
DA:33,1
DA:34,1
DA:35,1
DA:36,1
DA:37,1
DA:38,1
DA:39,1
DA:40,1
DA:41,1
DA:42,1
DA:43,31
DA:44,31
DA:45,31
DA:46,31
DA:47,31
DA:48,31
DA:49,31
DA:50,31
DA:51,31
DA:52,31
DA:53,31
DA:54,31
DA:55,1
DA:56,1
DA:57,1
DA:58,1
DA:59,1
DA:60,1
DA:61,1
DA:62,1
DA:63,1
DA:64,1
DA:65,1
DA:66,1
DA:67,1
DA:68,1
DA:69,1
DA:70,1
DA:71,1
DA:72,1
DA:73,6
DA:74,6
DA:75,6
DA:76,6
DA:77,6
DA:78,6
DA:79,6
DA:80,6
DA:81,6
DA:82,1
DA:83,1
DA:84,5
DA:85,5
DA:86,5
DA:87,5
DA:88,6
DA:89,1
DA:90,1
DA:91,1
DA:92,5
DA:93,5
DA:94,5
DA:95,5
DA:96,6
DA:97,1
DA:98,1
DA:99,4
DA:100,4
DA:101,4
DA:102,4
DA:103,4
DA:104,4
DA:105,6
DA:106,2
DA:107,2
DA:108,1
DA:109,1
DA:110,1
DA:111,1
DA:112,1
DA:113,1
DA:114,1
DA:115,1
DA:116,1
DA:117,1
DA:118,1
DA:119,1
DA:120,1
DA:121,1
DA:122,1
DA:123,1
DA:124,1
DA:125,1
DA:126,1
DA:127,1
DA:128,1
DA:129,1
DA:130,1
DA:131,1
DA:132,1
DA:133,1
DA:134,1
DA:135,1
DA:136,1
DA:137,7
DA:138,7
DA:139,7
DA:140,7
DA:141,7
DA:142,1
DA:143,7
DA:144,1
DA:145,1
DA:146,5
DA:147,5
DA:148,5
DA:149,5
DA:150,5
DA:151,5
DA:152,7
DA:153,7
DA:154,1
DA:155,1
DA:156,4
DA:157,4
DA:158,4
DA:159,4
DA:160,4
DA:161,4
DA:162,4
DA:163,4
DA:164,4
DA:165,4
DA:166,4
DA:167,4
DA:168,3
DA:169,7
DA:170,2
DA:171,1
DA:172,1
DA:173,1
DA:174,1
DA:175,7
DA:176,1
DA:177,1
DA:178,1
DA:179,1
DA:180,1
DA:181,1
DA:182,1
DA:183,1
DA:184,1
DA:185,1
DA:186,1
DA:187,1
DA:188,1
DA:189,1
DA:190,1
DA:191,1
DA:192,1
DA:193,1
DA:194,1
DA:195,1
DA:196,1
DA:197,1
DA:198,4
DA:199,3
DA:200,4
DA:201,1
DA:202,4
DA:203,1
DA:204,1
DA:205,1
DA:206,1
DA:207,1
DA:208,1
DA:209,1
DA:210,1
DA:211,1
DA:212,1
DA:213,1
DA:214,1
DA:215,1
DA:216,1
DA:217,1
DA:218,1
DA:219,1
DA:220,1
DA:221,1
DA:222,4
DA:223,4
DA:224,4
DA:225,4
DA:226,4
DA:227,4
DA:228,3
DA:229,4
DA:230,1
DA:231,4
DA:232,1
DA:233,1
DA:234,1
DA:235,1
DA:236,1
DA:237,1
DA:238,1
DA:239,1
DA:240,1
DA:241,1
DA:242,1
DA:243,1
DA:244,1
DA:245,1
DA:246,1
DA:247,1
DA:248,1
DA:249,1
DA:250,4
DA:251,4
DA:252,4
DA:253,3
DA:254,4
DA:255,1
DA:256,4
DA:257,1
DA:258,1
DA:259,1
DA:260,1
DA:261,1
DA:262,1
DA:263,1
DA:264,1
DA:265,1
DA:266,1
DA:267,1
DA:268,1
DA:269,1
DA:270,1
DA:271,1
DA:272,4
DA:273,4
DA:274,4
DA:275,2
DA:276,2
DA:277,2
DA:278,2
DA:279,2
DA:280,2
DA:281,2
DA:282,4
DA:283,4
DA:284,1
DA:285,1
DA:286,1
DA:287,10
DA:288,1
DA:289,1
DA:290,10
DA:291,10
DA:292,10
DA:293,10
DA:294,1
DA:295,1
DA:296,1
LF:296
LH:296
BRDA:42,0,0,31
BRDA:72,1,0,6
BRDA:81,2,0,1
BRDA:84,3,0,5
BRDA:88,4,0,1
BRDA:92,5,0,5
BRDA:96,6,0,4
BRDA:96,7,0,1
BRDA:99,8,0,4
BRDA:105,9,0,3
BRDA:105,10,0,2
BRDA:107,11,0,1
BRDA:110,12,0,1
BRDA:136,13,0,7
BRDA:141,14,0,2
BRDA:141,15,0,1
BRDA:143,16,0,6
BRDA:143,17,0,1
BRDA:146,18,0,5
BRDA:152,19,0,4
BRDA:153,20,0,1
BRDA:156,21,0,4
BRDA:167,22,0,3
BRDA:169,23,0,2
BRDA:170,24,0,1
BRDA:175,25,0,1
BRDA:197,26,0,4
BRDA:199,27,0,3
BRDA:200,28,0,1
BRDA:202,29,0,2
BRDA:202,30,0,1
BRDA:205,31,0,1
BRDA:221,32,0,4
BRDA:228,33,0,3
BRDA:229,34,0,1
BRDA:231,35,0,2
BRDA:231,36,0,1
BRDA:234,37,0,1
BRDA:249,38,0,4
BRDA:253,39,0,3
BRDA:254,40,0,1
BRDA:256,41,0,2
BRDA:256,42,0,1
BRDA:259,43,0,1
BRDA:271,44,0,4
BRDA:274,45,0,2
BRDA:286,46,0,10
BRDA:287,47,0,1
BRF:48
BRH:48
end_of_record
TN:
SF:src/lib/events/CustomEvents.ts
FN:72,CustomEventWithDetail
FNF:1
FNH:1
FNDA:32,CustomEventWithDetail
DA:1,1
DA:2,1
DA:3,1
DA:4,1
DA:5,1
DA:6,1
DA:7,1
DA:8,1
DA:9,1
DA:10,1
DA:11,1
DA:12,1
DA:13,1
DA:14,1
DA:15,1
DA:16,1
DA:17,1
DA:18,1
DA:19,1
DA:20,1
DA:21,1
DA:22,1
DA:23,1
DA:24,1
DA:25,1
DA:26,1
DA:27,1
DA:28,1
DA:29,1
DA:30,1
DA:31,1
DA:32,1
DA:33,1
DA:34,1
DA:35,1
DA:36,1
DA:37,1
DA:38,1
DA:39,1
DA:40,1
DA:41,1
DA:42,1
DA:43,1
DA:44,1
DA:45,1
DA:46,1
DA:47,1
DA:48,1
DA:49,1
DA:50,1
DA:51,1
DA:52,1
DA:53,1
DA:54,1
DA:55,1
DA:56,1
DA:57,1
DA:58,1
DA:59,1
DA:60,1
DA:61,1
DA:62,1
DA:63,1
DA:64,1
DA:65,1
DA:66,1
DA:67,1
DA:68,1
DA:69,1
DA:70,1
DA:71,1
DA:72,1
DA:73,32
DA:74,32
DA:75,1
LF:75
LH:75
BRDA:72,0,0,32
BRF:1
BRH:1
end_of_record
TN:
SF:src/lib/events/Dispatcher.ts
FN:17,Dispatcher
FN:27,dispatch
FN:36,dispatchSessionCreatedEvent
FN:43,dispatchSessionRemovedEvent
FN:50,dispatchUserDeletedEvent
FN:59,dispatchAuthFlowCompletedEvent
FNF:6
FNH:6
FNDA:155,Dispatcher
FNDA:24,dispatch
FNDA:5,dispatchSessionCreatedEvent
FNDA:16,dispatchSessionRemovedEvent
FNDA:2,dispatchUserDeletedEvent
FNDA:1,dispatchAuthFlowCompletedEvent
DA:1,1
DA:2,1
DA:3,1
DA:4,1
DA:5,1
DA:6,1
DA:7,1
DA:8,1
DA:9,1
DA:10,1
DA:11,1
DA:12,1
DA:13,1
DA:14,1
DA:15,1
DA:16,1
DA:17,155
DA:18,155
DA:19,155
DA:20,155
DA:21,155
DA:22,155
DA:23,155
DA:24,155
DA:25,155
DA:26,155
DA:27,155
DA:28,24
DA:29,24
DA:30,155
DA:31,155
DA:32,155
DA:33,155
DA:34,155
DA:35,155
DA:36,155
DA:37,5
DA:38,5
DA:39,155
DA:40,155
DA:41,155
DA:42,155
DA:43,155
DA:44,16
DA:45,16
DA:46,155
DA:47,155
DA:48,155
DA:49,155
DA:50,155
DA:51,2
DA:52,2
DA:53,155
DA:54,155
DA:55,155
DA:56,155
DA:57,155
DA:58,155
DA:59,155
DA:60,1
DA:61,1
DA:62,155
LF:62
LH:62
BRDA:17,0,0,155
BRDA:27,1,0,24
BRDA:36,2,0,5
BRDA:43,3,0,16
BRDA:50,4,0,2
BRDA:59,5,0,1
BRF:6
BRH:6
end_of_record
TN:
SF:src/lib/events/Listener.ts
FN:70,Listener
FN:84,wrapCallback
FN:89,wrappedCallback
FN:112,addEventListenerWithType
FN:133,mapAddEventListenerParams
FN:155,addEventListener
FN:173,onSessionCreated
FN:189,onSessionRemoved
FN:204,onUserDeleted
FN:219,onAuthFlowCompleted
FNF:10
FNH:10
FNDA:20,Listener
FNDA:33,wrapCallback
FNDA:38,wrappedCallback
FNDA:33,addEventListenerWithType
FNDA:33,mapAddEventListenerParams
FNDA:33,addEventListener
FNDA:10,onSessionCreated
FNDA:10,onSessionRemoved
FNDA:10,onUserDeleted
FNDA:3,onAuthFlowCompleted
DA:1,1
DA:2,1
DA:3,1
DA:4,1
DA:5,1
DA:6,1
DA:7,1
DA:8,1
DA:9,1
DA:10,1
DA:11,1
DA:12,1
DA:13,1
DA:14,1
DA:15,1
DA:16,1
DA:17,1
DA:18,1
DA:19,1
DA:20,1
DA:21,1
DA:22,1
DA:23,1
DA:24,1
DA:25,1
DA:26,1
DA:27,1
DA:28,1
DA:29,1
DA:30,1
DA:31,1
DA:32,1
DA:33,1
DA:34,1
DA:35,1
DA:36,1
DA:37,1
DA:38,1
DA:39,1
DA:40,1
DA:41,1
DA:42,1
DA:43,1
DA:44,1
DA:45,1
DA:46,1
DA:47,1
DA:48,1
DA:49,1
DA:50,1
DA:51,1
DA:52,1
DA:53,1
DA:54,1
DA:55,1
DA:56,1
DA:57,1
DA:58,1
DA:59,1
DA:60,1
DA:61,1
DA:62,1
DA:63,1
DA:64,1
DA:65,1
DA:66,1
DA:67,1
DA:68,1
DA:69,1
DA:70,20
DA:71,20
DA:72,20
DA:73,20
DA:74,20
DA:75,20
DA:76,20
DA:77,20
DA:78,20
DA:79,20
DA:80,20
DA:81,20
DA:82,20
DA:83,20
DA:84,20
DA:85,33
DA:86,33
DA:87,33
DA:88,33
DA:89,33
DA:90,38
DA:91,33
DA:92,33
DA:93,33
DA:94,33
DA:95,33
DA:96,20
DA:97,20
DA:98,20
DA:99,20
DA:100,20
DA:101,13
DA:102,13
DA:103,13
DA:104,20
DA:105,20
DA:106,20
DA:107,20
DA:108,20
DA:109,20
DA:110,20
DA:111,20
DA:112,20
DA:113,33
DA:114,33
DA:115,33
DA:116,33
DA:117,33
DA:118,33
DA:119,33
DA:120,33
DA:121,33
DA:122,20
DA:123,20
DA:124,20
DA:125,20
DA:126,20
DA:127,20
DA:128,20
DA:129,20
DA:130,20
DA:131,20
DA:132,20
DA:133,20
DA:134,33
DA:135,33
DA:136,33
DA:137,33
DA:138,33
DA:139,33
DA:140,33
DA:141,33
DA:142,33
DA:143,33
DA:144,33
DA:145,20
DA:146,20
DA:147,20
DA:148,20
DA:149,20
DA:150,20
DA:151,20
DA:152,20
DA:153,20
DA:154,20
DA:155,20
DA:156,33
DA:157,33
DA:158,33
DA:159,33
DA:160,33
DA:161,33
DA:162,33
DA:163,33
DA:164,20
DA:165,20
DA:166,20
DA:167,20
DA:168,20
DA:169,20
DA:170,20
DA:171,20
DA:172,20
DA:173,20
DA:174,10
DA:175,10
DA:176,10
DA:177,10
DA:178,10
DA:179,20
DA:180,20
DA:181,20
DA:182,20
DA:183,20
DA:184,20
DA:185,20
DA:186,20
DA:187,20
DA:188,20
DA:189,20
DA:190,10
DA:191,10
DA:192,10
DA:193,10
DA:194,10
DA:195,20
DA:196,20
DA:197,20
DA:198,20
DA:199,20
DA:200,20
DA:201,20
DA:202,20
DA:203,20
DA:204,20
DA:205,10
DA:206,10
DA:207,10
DA:208,10
DA:209,10
DA:210,20
DA:211,20
DA:212,20
DA:213,20
DA:214,20
DA:215,20
DA:216,20
DA:217,20
DA:218,20
DA:219,20
DA:220,3
DA:221,3
DA:222,3
DA:223,3
DA:224,3
DA:225,20
LF:225
LH:225
BRDA:70,0,0,20
BRDA:84,1,0,33
BRDA:95,2,0,27
BRDA:95,3,0,20
BRDA:101,4,0,13
BRDA:89,5,0,38
BRDA:112,6,0,33
BRDA:120,7,0,4
BRDA:133,8,0,33
BRDA:155,9,0,33
BRDA:173,10,0,10
BRDA:189,11,0,10
BRDA:204,12,0,10
BRDA:219,13,0,3
BRF:14
BRH:14
end_of_record
TN:
SF:src/lib/events/Relay.ts
FN:22,Relay
FN:34,Relay.handleSessionCreatedEvent
FN:49,Relay.handleSessionRemovedEvent
FN:59,Relay.handleUserDeletedEvent
FN:91,Relay.handleStorageEvent
FN:69,getSessionDetail
FN:110,onDocumentReady
FN:126,listenEventDependencies
FN:142,dispatchInitialEvents
FNF:9
FNH:9
FNDA:7,Relay
FNDA:6,Relay.handleSessionCreatedEvent
FNDA:6,Relay.handleSessionRemovedEvent
FNDA:4,Relay.handleUserDeletedEvent
FNDA:11,Relay.handleStorageEvent
FNDA:15,getSessionDetail
FNDA:7,onDocumentReady
FNDA:7,listenEventDependencies
FNDA:4,dispatchInitialEvents
DA:1,1
DA:2,1
DA:3,1
DA:4,1
DA:5,1
DA:6,1
DA:7,1
DA:8,1
DA:9,1
DA:10,1
DA:11,1
DA:12,1
DA:13,1
DA:14,1
DA:15,1
DA:16,1
DA:17,1
DA:18,1
DA:19,1
DA:20,1
DA:21,1
DA:22,1
DA:23,7
DA:24,7
DA:25,7
DA:26,1
DA:27,1
DA:28,1
DA:29,1
DA:30,1
DA:31,1
DA:32,1
DA:33,1
DA:34,1
DA:35,6
DA:36,6
DA:37,6
DA:38,6
DA:39,6
DA:40,6
DA:41,1
DA:42,1
DA:43,1
DA:44,1
DA:45,1
DA:46,1
DA:47,1
DA:48,1
DA:49,1
DA:50,6
DA:51,1
DA:52,1
DA:53,1
DA:54,1
DA:55,1
DA:56,1
DA:57,1
DA:58,1
DA:59,1
DA:60,4
DA:61,1
DA:62,1
DA:63,1
DA:64,1
DA:65,1
DA:66,1
DA:67,1
DA:68,1
DA:69,1
DA:70,15
DA:71,15
DA:72,15
DA:73,15
DA:74,15
DA:75,15
DA:76,15
DA:77,15
DA:78,15
DA:79,15
DA:80,15
DA:81,15
DA:82,1
DA:83,1
DA:84,1
DA:85,1
DA:86,1
DA:87,1
DA:88,1
DA:89,1
DA:90,1
DA:91,1
DA:92,11
DA:93,11
DA:94,11
DA:95,11
DA:96,11
DA:97,10
DA:98,10
DA:99,10
DA:100,1
DA:101,1
DA:102,1
DA:103,1
DA:104,1
DA:105,1
DA:106,1
DA:107,1
DA:108,1
DA:109,1
DA:110,1
DA:111,7
DA:112,7
DA:113,0
DA:114,7
DA:115,7
DA:116,7
DA:117,0
DA:118,0
DA:119,7
DA:120,1
DA:121,1
DA:122,1
DA:123,1
DA:124,1
DA:125,1
DA:126,1
DA:127,7
DA:128,7
DA:129,7
DA:130,7
DA:131,7
DA:132,7
DA:133,7
DA:134,7
DA:135,7
DA:136,7
DA:137,7
DA:138,1
DA:139,1
DA:140,1
DA:141,1
DA:142,1
DA:143,4
DA:144,4
DA:145,4
DA:146,4
DA:147,4
DA:148,1
DA:149,1
DA:150,4
DA:151,1
LF:151
LH:148
BRDA:22,0,0,7
BRDA:34,1,0,6
BRDA:49,2,0,6
BRDA:59,3,0,4
BRDA:91,4,0,11
BRDA:92,5,0,0
BRDA:96,6,0,10
BRDA:100,7,0,1
BRDA:69,8,0,15
BRDA:110,9,0,7
BRDA:112,10,0,0
BRDA:116,11,0,0
BRDA:126,12,0,7
BRDA:136,13,0,2
BRDA:142,14,0,4
BRDA:147,15,0,2
BRDA:147,16,0,1
BRF:17
BRH:14
end_of_record
TN:
SF:src/lib/events/Scheduler.ts
FN:21,Scheduler
FN:31,removeTask
FN:41,removeTasksWithType
FN:53,scheduleTask
FNF:4
FNH:4
FNDA:9,Scheduler
FNDA:7,removeTask
FNDA:17,removeTasksWithType
FNDA:7,scheduleTask
DA:1,1
DA:2,1
DA:3,1
DA:4,1
DA:5,1
DA:6,1
DA:7,1
DA:8,1
DA:9,1
DA:10,1
DA:11,1
DA:12,1
DA:13,1
DA:14,1
DA:15,1
DA:16,1
DA:17,1
DA:18,1
DA:19,1
DA:20,1
DA:21,9
DA:22,9
DA:23,9
DA:24,9
DA:25,9
DA:26,9
DA:27,9
DA:28,9
DA:29,9
DA:30,9
DA:31,9
DA:32,7
DA:33,7
DA:34,7
DA:35,9
DA:36,9
DA:37,9
DA:38,9
DA:39,9
DA:40,9
DA:41,9
DA:42,17
DA:43,17
DA:44,17
DA:45,9
DA:46,9
DA:47,9
DA:48,9
DA:49,9
DA:50,9
DA:51,9
DA:52,9
DA:53,9
DA:54,7
DA:55,7
DA:56,1
DA:57,1
DA:58,7
DA:59,7
DA:60,7
DA:61,7
DA:62,7
DA:63,7
DA:64,9
LF:64
LH:64
BRDA:21,0,0,9
BRDA:31,1,0,7
BRDA:33,2,0,10
BRDA:41,3,0,17
BRDA:42,4,0,7
BRDA:43,5,0,6
BRDA:53,6,0,7
BRDA:55,7,0,1
BRF:8
BRH:8
end_of_record
TN:
SF:src/lib/state/State.ts
FN:28,State
FN:45,read
FN:68,write
FN:84,timeToRemainingSeconds
FN:95,remainingSecondsToTime
FNF:5
FNH:5
FNDA:425,State
FNDA:54,read
FNDA:23,write
FNDA:29,timeToRemainingSeconds
FNDA:11,remainingSecondsToTime
DA:1,1
DA:2,1
DA:3,1
DA:4,1
DA:5,1
DA:6,1
DA:7,1
DA:8,1
DA:9,1
DA:10,1
DA:11,1
DA:12,1
DA:13,1
DA:14,1
DA:15,1
DA:16,1
DA:17,1
DA:18,1
DA:19,1
DA:20,1
DA:21,1
DA:22,1
DA:23,1
DA:24,1
DA:25,1
DA:26,1
DA:27,1
DA:28,1
DA:29,425
DA:30,425
DA:31,425
DA:32,425
DA:33,425
DA:34,425
DA:35,425
DA:36,425
DA:37,425
DA:38,425
DA:39,1
DA:40,1
DA:41,1
DA:42,1
DA:43,1
DA:44,1
DA:45,1
DA:46,54
DA:47,54
DA:48,54
DA:49,54
DA:50,54
DA:51,54
DA:52,54
DA:53,53
DA:54,53
DA:55,53
DA:56,53
DA:57,1
DA:58,1
DA:59,1
DA:60,1
DA:61,1
DA:62,1
DA:63,1
DA:64,1
DA:65,1
DA:66,1
DA:67,1
DA:68,1
DA:69,23
DA:70,23
DA:71,23
DA:72,23
DA:73,23
DA:74,23
DA:75,23
DA:76,1
DA:77,1
DA:78,1
DA:79,1
DA:80,1
DA:81,1
DA:82,1
DA:83,1
DA:84,1
DA:85,29
DA:86,29
DA:87,1
DA:88,1
DA:89,1
DA:90,1
DA:91,1
DA:92,1
DA:93,1
DA:94,1
DA:95,1
DA:96,11
DA:97,11
DA:98,1
DA:99,1
DA:100,1
DA:101,1
LF:101
LH:101
BRDA:28,0,0,425
BRDA:45,1,0,54
BRDA:52,2,0,53
BRDA:57,3,0,1
BRDA:68,4,0,23
BRDA:84,5,0,29
BRDA:95,6,0,11
BRF:7
BRH:7
end_of_record
TN:
SF:src/lib/state/session/SessionState.ts
FN:24,SessionState
FN:34,read
FN:45,getState
FN:55,getExpirationSeconds
FN:65,setExpirationSeconds
FN:73,getUserID
FN:83,setUserID
FN:93,reset
FNF:8
FNH:8
FNDA:159,SessionState
FNDA:20,read
FNDA:35,getState
FNDA:11,getExpirationSeconds
FNDA:3,setExpirationSeconds
FNDA:11,getUserID
FNDA:3,setUserID
FNDA:7,reset
DA:1,1
DA:2,1
DA:3,1
DA:4,1
DA:5,1
DA:6,1
DA:7,1
DA:8,1
DA:9,1
DA:10,1
DA:11,1
DA:12,1
DA:13,1
DA:14,1
DA:15,1
DA:16,1
DA:17,1
DA:18,1
DA:19,1
DA:20,1
DA:21,1
DA:22,1
DA:23,1
DA:24,1
DA:25,159
DA:26,159
DA:27,1
DA:28,1
DA:29,1
DA:30,1
DA:31,1
DA:32,1
DA:33,1
DA:34,1
DA:35,20
DA:36,20
DA:37,20
DA:38,20
DA:39,1
DA:40,1
DA:41,1
DA:42,1
DA:43,1
DA:44,1
DA:45,1
DA:46,35
DA:47,35
DA:48,35
DA:49,1
DA:50,1
DA:51,1
DA:52,1
DA:53,1
DA:54,1
DA:55,1
DA:56,11
DA:57,11
DA:58,1
DA:59,1
DA:60,1
DA:61,1
DA:62,1
DA:63,1
DA:64,1
DA:65,1
DA:66,3
DA:67,3
DA:68,3
DA:69,1
DA:70,1
DA:71,1
DA:72,1
DA:73,1
DA:74,11
DA:75,11
DA:76,1
DA:77,1
DA:78,1
DA:79,1
DA:80,1
DA:81,1
DA:82,1
DA:83,1
DA:84,3
DA:85,3
DA:86,3
DA:87,1
DA:88,1
DA:89,1
DA:90,1
DA:91,1
DA:92,1
DA:93,1
DA:94,7
DA:95,7
DA:96,7
DA:97,7
DA:98,7
DA:99,7
DA:100,7
DA:101,1
DA:102,1
DA:103,1
LF:103
LH:103
BRDA:24,0,0,159
BRDA:34,1,0,20
BRDA:45,2,0,35
BRDA:46,3,0,19
BRDA:55,4,0,11
BRDA:65,5,0,3
BRDA:73,6,0,11
BRDA:83,7,0,3
BRDA:93,8,0,7
BRF:9
BRH:9
end_of_record
TN:
SF:src/lib/state/users/PasscodeState.ts
FN:35,getState
FN:45,read
FN:57,getActiveID
FN:68,setActiveID
FN:80,getEmailID
FN:91,setEmailID
FN:103,reset
FN:120,getTTL
FN:131,setTTL
FN:143,getResendAfter
FN:154,setResendAfter
FNF:11
FNH:11
FNDA:52,getState
FNDA:24,read
FNDA:11,getActiveID
FNDA:3,setActiveID
FNDA:7,getEmailID
FNDA:1,setEmailID
FNDA:9,reset
FNDA:8,getTTL
FNDA:3,setTTL
FNDA:8,getResendAfter
FNDA:2,setResendAfter
DA:1,1
DA:2,1
DA:3,1
DA:4,1
DA:5,1
DA:6,1
DA:7,1
DA:8,1
DA:9,1
DA:10,1
DA:11,1
DA:12,1
DA:13,1
DA:14,1
DA:15,1
DA:16,1
DA:17,1
DA:18,1
DA:19,1
DA:20,1
DA:21,1
DA:22,1
DA:23,1
DA:24,1
DA:25,1
DA:26,1
DA:27,1
DA:28,1
DA:29,1
DA:30,1
DA:31,1
DA:32,1
DA:33,1
DA:34,1
DA:35,1
DA:36,52
DA:37,52
DA:38,1
DA:39,1
DA:40,1
DA:41,1
DA:42,1
DA:43,1
DA:44,1
DA:45,1
DA:46,24
DA:47,24
DA:48,24
DA:49,24
DA:50,1
DA:51,1
DA:52,1
DA:53,1
DA:54,1
DA:55,1
DA:56,1
DA:57,1
DA:58,11
DA:59,11
DA:60,1
DA:61,1
DA:62,1
DA:63,1
DA:64,1
DA:65,1
DA:66,1
DA:67,1
DA:68,1
DA:69,3
DA:70,3
DA:71,3
DA:72,3
DA:73,1
DA:74,1
DA:75,1
DA:76,1
DA:77,1
DA:78,1
DA:79,1
DA:80,1
DA:81,7
DA:82,7
DA:83,1
DA:84,1
DA:85,1
DA:86,1
DA:87,1
DA:88,1
DA:89,1
DA:90,1
DA:91,1
DA:92,1
DA:93,1
DA:94,1
DA:95,1
DA:96,1
DA:97,1
DA:98,1
DA:99,1
DA:100,1
DA:101,1
DA:102,1
DA:103,1
DA:104,9
DA:105,9
DA:106,9
DA:107,9
DA:108,9
DA:109,9
DA:110,9
DA:111,9
DA:112,9
DA:113,1
DA:114,1
DA:115,1
DA:116,1
DA:117,1
DA:118,1
DA:119,1
DA:120,1
DA:121,8
DA:122,8
DA:123,1
DA:124,1
DA:125,1
DA:126,1
DA:127,1
DA:128,1
DA:129,1
DA:130,1
DA:131,1
DA:132,3
DA:133,3
DA:134,3
DA:135,3
DA:136,1
DA:137,1
DA:138,1
DA:139,1
DA:140,1
DA:141,1
DA:142,1
DA:143,1
DA:144,8
DA:145,8
DA:146,1
DA:147,1
DA:148,1
DA:149,1
DA:150,1
DA:151,1
DA:152,1
DA:153,1
DA:154,1
DA:155,2
DA:156,2
DA:157,2
DA:158,2
DA:159,1
DA:160,1
DA:161,1
LF:161
LH:161
BRDA:35,0,0,52
BRDA:36,1,0,21
BRDA:45,2,0,24
BRDA:57,3,0,11
BRDA:68,4,0,3
BRDA:80,5,0,7
BRDA:91,6,0,1
BRDA:103,7,0,9
BRDA:120,8,0,8
BRDA:131,9,0,3
BRDA:143,10,0,8
BRDA:154,11,0,2
BRF:12
BRH:12
end_of_record
TN:
SF:src/lib/state/users/PasswordState.ts
FN:29,getState
FN:39,read
FN:51,getRetryAfter
FN:62,setRetryAfter
FNF:4
FNH:4
FNDA:3,getState
FNDA:3,read
FNDA:1,getRetryAfter
FNDA:2,setRetryAfter
DA:1,1
DA:2,1
DA:3,1
DA:4,1
DA:5,1
DA:6,1
DA:7,1
DA:8,1
DA:9,1
DA:10,1
DA:11,1
DA:12,1
DA:13,1
DA:14,1
DA:15,1
DA:16,1
DA:17,1
DA:18,1
DA:19,1
DA:20,1
DA:21,1
DA:22,1
DA:23,1
DA:24,1
DA:25,1
DA:26,1
DA:27,1
DA:28,1
DA:29,1
DA:30,3
DA:31,3
DA:32,1
DA:33,1
DA:34,1
DA:35,1
DA:36,1
DA:37,1
DA:38,1
DA:39,1
DA:40,3
DA:41,3
DA:42,3
DA:43,3
DA:44,1
DA:45,1
DA:46,1
DA:47,1
DA:48,1
DA:49,1
DA:50,1
DA:51,1
DA:52,1
DA:53,1
DA:54,1
DA:55,1
DA:56,1
DA:57,1
DA:58,1
DA:59,1
DA:60,1
DA:61,1
DA:62,1
DA:63,2
DA:64,2
DA:65,2
DA:66,2
DA:67,1
DA:68,1
DA:69,1
LF:69
LH:69
BRDA:29,0,0,3
BRDA:30,1,0,2
BRDA:39,2,0,3
BRDA:51,3,0,1
BRDA:62,4,0,2
BRF:5
BRH:5
end_of_record
TN:
SF:src/lib/state/users/UserState.ts
FN:47,UserState
FN:57,getUserState
FNF:2
FNH:2
FNDA:263,UserState
FNDA:63,getUserState
DA:1,1
DA:2,1
DA:3,1
DA:4,1
DA:5,1
DA:6,1
DA:7,1
DA:8,1
DA:9,1
DA:10,1
DA:11,1
DA:12,1
DA:13,1
DA:14,1
DA:15,1
DA:16,1
DA:17,1
DA:18,1
DA:19,1
DA:20,1
DA:21,1
DA:22,1
DA:23,1
DA:24,1
DA:25,1
DA:26,1
DA:27,1
DA:28,1
DA:29,1
DA:30,1
DA:31,1
DA:32,1
DA:33,1
DA:34,1
DA:35,1
DA:36,1
DA:37,1
DA:38,1
DA:39,1
DA:40,1
DA:41,1
DA:42,1
DA:43,1
DA:44,1
DA:45,1
DA:46,1
DA:47,1
DA:48,263
DA:49,263
DA:50,1
DA:51,1
DA:52,1
DA:53,1
DA:54,1
DA:55,1
DA:56,1
DA:57,1
DA:58,63
DA:59,63
DA:60,63
DA:61,27
DA:62,27
DA:63,63
DA:64,63
DA:65,63
DA:66,1
DA:67,1
DA:68,1
LF:68
LH:68
BRDA:47,0,0,263
BRDA:57,1,0,63
BRDA:58,2,0,27
BRDA:60,3,0,27
BRF:4
BRH:4
end_of_record
TN:
SF:src/lib/state/users/WebauthnState.ts
FN:29,getState
FN:39,read
FN:51,getCredentials
FN:62,addCredential
FN:76,matchCredentials
FNF:5
FNH:5
FNDA:6,getState
FNDA:5,read
FNDA:6,getCredentials
FNDA:3,addCredential
FNDA:2,matchCredentials
DA:1,1
DA:2,1
DA:3,1
DA:4,1
DA:5,1
DA:6,1
DA:7,1
DA:8,1
DA:9,1
DA:10,1
DA:11,1
DA:12,1
DA:13,1
DA:14,1
DA:15,1
DA:16,1
DA:17,1
DA:18,1
DA:19,1
DA:20,1
DA:21,1
DA:22,1
DA:23,1
DA:24,1
DA:25,1
DA:26,1
DA:27,1
DA:28,1
DA:29,1
DA:30,6
DA:31,6
DA:32,1
DA:33,1
DA:34,1
DA:35,1
DA:36,1
DA:37,1
DA:38,1
DA:39,1
DA:40,5
DA:41,5
DA:42,5
DA:43,5
DA:44,1
DA:45,1
DA:46,1
DA:47,1
DA:48,1
DA:49,1
DA:50,1
DA:51,1
DA:52,6
DA:53,6
DA:54,1
DA:55,1
DA:56,1
DA:57,1
DA:58,1
DA:59,1
DA:60,1
DA:61,1
DA:62,1
DA:63,3
DA:64,3
DA:65,3
DA:66,3
DA:67,1
DA:68,1
DA:69,1
DA:70,1
DA:71,1
DA:72,1
DA:73,1
DA:74,1
DA:75,1
DA:76,1
DA:77,2
DA:78,2
DA:79,2
DA:80,2
DA:81,1
DA:82,1
DA:83,1
LF:83
LH:83
BRDA:29,0,0,6
BRDA:30,1,0,3
BRDA:39,2,0,5
BRDA:51,3,0,6
BRDA:52,4,0,3
BRDA:62,5,0,3
BRDA:76,6,0,2
BRDA:78,7,0,2
BRDA:78,8,0,2
BRDA:79,9,0,1
BRF:10
BRH:10
end_of_record
